<?xml version="1.0" encoding="UTF-8"?>
<!-- Generated by org.testng.reporters.JUnitXMLReporter -->
<testsuite hostname="Work-PC" ignored="3" name="Test" tests="6" failures="0" timestamp="22 Oct 2017 15:42:36 GMT" time="129.329" errors="0">
  <testcase name="findStore" time="16.425" classname="tests.FindStoreTest"/>
  <testcase name="findStore" time="16.637" classname="tests.FindStoreTest"/>
  <testcase name="findStore" time="15.158" classname="tests.FindStoreTest"/>
  <testcase name="findStore" time="16.381" classname="tests.BuyCurrencyTest"/>
  <testcase name="findStore" time="16.383" classname="tests.BuyCurrencyTest"/>
  <testcase name="findStore" time="15.801" classname="tests.BuyCurrencyTest"/>
  <testcase name="buyCurrency" time="0.0" classname="tests.BuyCurrencyTest">
    <ignored/>
  </testcase> <!-- buyCurrency -->
  <testcase name="@BeforeSuite suiteLevelSetup" time="0.0" classname="base.BaseTest">
    <ignored/>
  </testcase> <!-- @BeforeSuite suiteLevelSetup -->
  <testcase name="@AfterSuite endSuiteLevelSetup" time="0.0" classname="base.BaseTest">
    <ignored/>
  </testcase> <!-- @AfterSuite endSuiteLevelSetup -->
</testsuite> <!-- Test -->
