<?xml version="1.0" encoding="UTF-8"?>
<!-- Generated by org.testng.reporters.JUnitXMLReporter -->
<testsuite hostname="Work-PC" ignored="1" name="Default test" tests="3" failures="0" timestamp="22 Oct 2017 15:30:36 GMT" time="68.106" errors="0">
  <testcase name="findStore" time="17.701" classname="tests.BuyCurrencyTest"/>
  <testcase name="findStore" time="16.36" classname="tests.BuyCurrencyTest"/>
  <testcase name="findStore" time="17.323" classname="tests.BuyCurrencyTest"/>
  <testcase name="buyCurrency" time="0.0" classname="tests.BuyCurrencyTest">
    <ignored/>
  </testcase> <!-- buyCurrency -->
</testsuite> <!-- Default test -->
